/imgresize?op=autofit&src=%27http%3A%2F%2Fcps-static.rovicorp.com%2F2%2FOpen%2FABC%2FDirty%2520Sexy%2520Money%2F109185_D_184_pre.jpg%27&h=300&w=300 
/3044/authorization/clients/7871/permissions 
/3044/authorization/clients/7873/permissions 
/3044/authorization/clients 
/3045/authorization/clients/7872/permissions 
/3045/authorization/clients 
/0/saas 
/sec/login.do 
/sec/oauth/authorize?response_type=token&client_id=IDTVClient&saas_id=236&customer_id=314&access_token=7624e62a-96c5-4be2-8833-82baac550e67 
/sec/oauth/externalProvider/facebook 
/sec/oauth/token?grant_type=client_credentials 
/authorization.jsp 
/3044/customer 
/3044/7904/watchfolders 
/3044/7907/watchfolders/802 
/3044/7907/watchfolders 
/236/rtmessaging/R_1374187 
/236/rtmessaging/R_924537122 
/3/dictionary/definition/schema/4854?format=XML 
/3/dictionary/types/1/allowedRestrictions 
/3/dictionary/types/87528/attributes/473463/restrictions 
/3044/7904/contentbatch/batches/51101 
/3044/7904/contentbatch/batches?startDate=1427369940506 
/3044/7902/content/16636680-f1ec-4e72-bd0a-9c0d3197e3d9 
/3044/7903/content/8494010d-685d-4b22-8eb8-8bb97d34531f 
/3044/7903/content/Product?metadataVersion=49 
/3044/vote/351a894c-abe4-4342-862d-5cf2cdb24b30 
/3044/vote/96f3cd6a-5337-4d5b-9dc8-34e910aebe7c 
/236/314/pollDetails/40a46ba5-895d-4ec1-80c3-c39a1561d12c 
/3042/7886/pollDetails/9c4a37d9-7861-4e43-8d8c-52885026190a 
/3042/7886/pollDetails/b7d5078b-5de8-4864-bbe5-0bdb222e9b48 
/3044/7900/pollDetails/351a894c-abe4-4342-862d-5cf2cdb24b30 
/3044/7900/pollDetails/96f3cd6a-5337-4d5b-9dc8-34e910aebe7c 
/2923/7532/polls 
/3006/7748/polls 
/3044/resource/2933d470-2c0e-4107-b13b-a221c46257f9?fetchRemoteStorageMetaData=true 
/3044/resource/57368b99-3e6a-4721-be1e-2006d67a5ffc?fetchRemoteStorageMetaData=true 
/3044/resource/b2552035-b675-454c-a245-f3b453a61c9a?fetchRemoteStorageMetaData=true 
/3044/resource/d17f3cff-adc2-4113-ba5e-49e68c20a89e?fetchRemoteStorageMetaData=true 
/imgresize?op=autofit&src=%27http%3A%2F%2Fcps-static.rovicorp.com%2F2%2FOpen%2FABC%2FDirty%2520Sexy%2520Money%2F109185_D_184_pre.jpg%27&h=300&w=300 
/imgresize?op=autofit&src=%27http%3A%2F%2Fcps-static.rovicorp.com%2F2%2FOpen%2FCanada%2520Quebec%2FTV5%2520Monde%2Fles%2520conquerants%2Fles_conquerants_2048x1536.jpg%27&h=300&w=300 
/imgresize?op=autofit&src=%27http%3A%2F%2Fcps-static.rovicorp.com%2F2%2FOpen%2FFrance%2FAN2-FR3-FES-LA5%2FAN2%2FLa%2520maison%2520Tellier%2F201125012.jpg%27&h=300&w=300 
/imgresize?op=cover_top&src=%27http%3A%2F%2Fcps-static.rovicorp.com%2F2%2FOpen%2FABC%2FDirty%2520Sexy%2520Money%2F109185_D_184_pre.jpg%27&h=150&w=150 
/imgresize?op=cover_top&src=%27http%3A%2F%2Fcps-static.rovicorp.com%2F2%2FOpen%2FCanada%2520Quebec%2FTV5%2520Monde%2Fles%2520conquerants%2Fles_conquerants_2048x1536.jpg%27&h=150&w=150 
/3044/user/360c4b08-b4a6-4652-89d5-8fec5d1e92b0/account/activate?activationToken=XOMBh0qoS2m1ViiHZxPtzQ 
/3044/user/7f9144c8-f474-4425-99f7-ee233e06d8fc/account/activate?activationToken=qYT8tlnpRLmZqfcp8rdscA 
/3044/user HTTP
/7908/user/7f9144c8-f474-4425-99f7-ee233e06d8fc/role/CustomerAdmin 
/3044/7905/user/3f6e4a79-0bc4-4bb1-be90-8e57a819bf2b/role/CustomerAdmin 
/3044/7906/user/d4b9e949-66d8-43cc-aa62-883fb8234acb/role/CustomerAdmin 
/3044/7907/user/2f50d398-b5ed-4589-b90d-4be28a9cd83c/role/CustomerAdmin 
/3044/7908/user/7f9144c8-f474-4425-99f7-ee233e06d8fc/role/CustomerAdmin 
/3045/7899/user/fa3e1006-ee5a-4309-86db-436f636f3af8/role/CustomerAdmin 
/1/shopping/offers?productName=women%20jeans&lat=37.3229978&long=-122.0321823&radius=50&count=50 
/1/shopping/products/37207e12-12f5-4de2-a7a2-b70feb230df2/c9368e5b-142f-497e-82b8-328a071e2fba?gtin=0013803240047&long=-75.9459975&lat=41.645244&radius=100&l_count=10 
/1/shopping/products?gtin=00035000764416&o_start=0&o_count=4&l_start=0&l_count=4&radius=10&groupShopsByRetailer=true&phDuration=360 
/1/shopping/products?gtin=013803117530&o_start=0&o_count=5&l_start=0&l_count=5&lat=34.052234&long=-118.243685&radius=1&l_start=0&l_count=10&o_start=0&o_count=10&phDuration=365 
/1/shopping/products?keyword=jeans&view=small&start=0&count=20 HTTP
/1/links/902a8d50-84e6-4dcb-992b-bb393eb78f50?u=514cd7fd-18a4-49e2-a4b0-940fee03e9f1 
/1/links/bd8415a1-0919-4231-bf32-ebbe49cd65e7?u=b1b37027-8310-4496-9b9a-aea8f92ad937 
/1/links/ff16b5d6-4532-4500-bb3d-dbf6db6d601d?u=938625d9-267c-4da9-98e4-ae4c3c340ac2 
/3044/links/15ae132c-8ab1-4b53-b9d1-ba28d2b43215?u=4cf1bb42-f49e-46c2-8dac-21ce7faac8a7 
/3044/links/87da9694-ac8b-4493-94d2-bc39adc0930b?u=2fc3a636-1039-4577-8eab-a0a50244c8c4 
/imgresize?op=autofit&src=%27http%3A%2F%2Fcps-static.rovicorp.com%2F2%2FOpen%2FABC%2FDirty%2520Sexy%2520Money%2F109185_D_184_pre.jpg%27&h=300&w=300 
